Determining if the pthread_create exist failed with the following output:
Change Dir: /home/bdml/catkin_ws/build/CMakeFiles/CMakeTmp

Run Build Command:"/usr/bin/make" "cmTC_41a2b/fast"
/usr/bin/make -f CMakeFiles/cmTC_41a2b.dir/build.make CMakeFiles/cmTC_41a2b.dir/build
make[1]: Entering directory `/home/bdml/catkin_ws/build/CMakeFiles/CMakeTmp'
Building C object CMakeFiles/cmTC_41a2b.dir/CheckSymbolExists.c.o
/usr/bin/cc     -o CMakeFiles/cmTC_41a2b.dir/CheckSymbolExists.c.o   -c /home/bdml/catkin_ws/build/CMakeFiles/CMakeTmp/CheckSymbolExists.c
Linking C executable cmTC_41a2b
/opt/cmake/bin/cmake -E cmake_link_script CMakeFiles/cmTC_41a2b.dir/link.txt --verbose=1
/usr/bin/cc       CMakeFiles/cmTC_41a2b.dir/CheckSymbolExists.c.o  -o cmTC_41a2b -rdynamic 
CMakeFiles/cmTC_41a2b.dir/CheckSymbolExists.c.o:CheckSymbolExists.c:function main: error: undefined reference to 'pthread_create'
collect2: ld returned 1 exit status
make[1]: *** [cmTC_41a2b] Error 1
make[1]: Leaving directory `/home/bdml/catkin_ws/build/CMakeFiles/CMakeTmp'
make: *** [cmTC_41a2b/fast] Error 2

File /home/bdml/catkin_ws/build/CMakeFiles/CMakeTmp/CheckSymbolExists.c:
/* */
#include <pthread.h>

int main(int argc, char** argv)
{
  (void)argv;
#ifndef pthread_create
  return ((int*)(&pthread_create))[argc];
#else
  (void)argc;
  return 0;
#endif
}

Determining if the function pthread_create exists in the pthreads failed with the following output:
Change Dir: /home/bdml/catkin_ws/build/CMakeFiles/CMakeTmp

Run Build Command:"/usr/bin/make" "cmTC_9192b/fast"
/usr/bin/make -f CMakeFiles/cmTC_9192b.dir/build.make CMakeFiles/cmTC_9192b.dir/build
make[1]: Entering directory `/home/bdml/catkin_ws/build/CMakeFiles/CMakeTmp'
Building C object CMakeFiles/cmTC_9192b.dir/CheckFunctionExists.c.o
/usr/bin/cc    -DCHECK_FUNCTION_EXISTS=pthread_create   -o CMakeFiles/cmTC_9192b.dir/CheckFunctionExists.c.o   -c /opt/cmake/share/cmake-3.6/Modules/CheckFunctionExists.c
Linking C executable cmTC_9192b
/opt/cmake/bin/cmake -E cmake_link_script CMakeFiles/cmTC_9192b.dir/link.txt --verbose=1
/usr/bin/cc   -DCHECK_FUNCTION_EXISTS=pthread_create    CMakeFiles/cmTC_9192b.dir/CheckFunctionExists.c.o  -o cmTC_9192b -rdynamic -lpthreads 
/usr/bin/ld: error: cannot find -lpthreads
CMakeFiles/cmTC_9192b.dir/CheckFunctionExists.c.o:CheckFunctionExists.c:function main: error: undefined reference to 'pthread_create'
collect2: ld returned 1 exit status
make[1]: *** [cmTC_9192b] Error 1
make[1]: Leaving directory `/home/bdml/catkin_ws/build/CMakeFiles/CMakeTmp'
make: *** [cmTC_9192b/fast] Error 2


